C:\PROGRAM FILES\OPENFRAMEWORKS\APPS\MYAPPS\MOTIONDESIGNER\OBJ\DEBUG\OFXUIROTARYSLIDER.OBJ
C:\PROGRAM FILES\OPENFRAMEWORKS\APPS\MYAPPS\MOTIONDESIGNER\OBJ\DEBUG\OFXUISCROLLABLECANVAS.OBJ
C:\PROGRAM FILES\OPENFRAMEWORKS\APPS\MYAPPS\MOTIONDESIGNER\OBJ\DEBUG\OFXUISLIDER.OBJ
C:\PROGRAM FILES\OPENFRAMEWORKS\APPS\MYAPPS\MOTIONDESIGNER\OBJ\DEBUG\OFXUISORTABLELIST.OBJ
C:\PROGRAM FILES\OPENFRAMEWORKS\APPS\MYAPPS\MOTIONDESIGNER\OBJ\DEBUG\OFXUISPACER.OBJ
C:\PROGRAM FILES\OPENFRAMEWORKS\APPS\MYAPPS\MOTIONDESIGNER\OBJ\DEBUG\OFXUISPECTRUM.OBJ
C:\PROGRAM FILES\OPENFRAMEWORKS\APPS\MYAPPS\MOTIONDESIGNER\OBJ\DEBUG\OFXUISUPERCANVAS.OBJ
C:\PROGRAM FILES\OPENFRAMEWORKS\APPS\MYAPPS\MOTIONDESIGNER\OBJ\DEBUG\OFXUITABBAR.OBJ
C:\PROGRAM FILES\OPENFRAMEWORKS\APPS\MYAPPS\MOTIONDESIGNER\OBJ\DEBUG\OFXUITEXTAREA.OBJ
C:\PROGRAM FILES\OPENFRAMEWORKS\APPS\MYAPPS\MOTIONDESIGNER\OBJ\DEBUG\OFXUITEXTINPUT.OBJ
C:\PROGRAM FILES\OPENFRAMEWORKS\APPS\MYAPPS\MOTIONDESIGNER\OBJ\DEBUG\OFXUITOGGLE.OBJ
C:\PROGRAM FILES\OPENFRAMEWORKS\APPS\MYAPPS\MOTIONDESIGNER\OBJ\DEBUG\OFXUITOGGLEMATRIX.OBJ
C:\PROGRAM FILES\OPENFRAMEWORKS\APPS\MYAPPS\MOTIONDESIGNER\OBJ\DEBUG\OFXUIVALUEPLOTTER.OBJ
C:\PROGRAM FILES\OPENFRAMEWORKS\APPS\MYAPPS\MOTIONDESIGNER\OBJ\DEBUG\OFXUIWAVEFORM.OBJ
C:\PROGRAM FILES\OPENFRAMEWORKS\APPS\MYAPPS\MOTIONDESIGNER\OBJ\DEBUG\OFXUIWIDGET.OBJ
C:\PROGRAM FILES\OPENFRAMEWORKS\APPS\MYAPPS\MOTIONDESIGNER\OBJ\DEBUG\OFXUIWIDGETWITHLABEL.OBJ
C:\PROGRAM FILES\OPENFRAMEWORKS\APPS\MYAPPS\MOTIONDESIGNER\OBJ\DEBUG\SOUNDFILE.OBJ
C:\PROGRAM FILES\OPENFRAMEWORKS\APPS\MYAPPS\MOTIONDESIGNER\OBJ\DEBUG\TIMELINEAUDIOOBJECT.OBJ
C:\PROGRAM FILES\OPENFRAMEWORKS\APPS\MYAPPS\MOTIONDESIGNER\OBJ\DEBUG\TIMELINEGRAPHICALOBJECT.OBJ
C:\PROGRAM FILES\OPENFRAMEWORKS\APPS\MYAPPS\MOTIONDESIGNER\OBJ\DEBUG\OFXUIDROPDOWNLIST.OBJ
C:\PROGRAM FILES\OPENFRAMEWORKS\APPS\MYAPPS\MOTIONDESIGNER\OBJ\DEBUG\OFXUIEVENTARGS.OBJ
C:\PROGRAM FILES\OPENFRAMEWORKS\APPS\MYAPPS\MOTIONDESIGNER\OBJ\DEBUG\OFXUIFPS.OBJ
C:\PROGRAM FILES\OPENFRAMEWORKS\APPS\MYAPPS\MOTIONDESIGNER\OBJ\DEBUG\OFXUIFPSSLIDER.OBJ
C:\PROGRAM FILES\OPENFRAMEWORKS\APPS\MYAPPS\MOTIONDESIGNER\OBJ\DEBUG\OFXUIIMAGE.OBJ
C:\PROGRAM FILES\OPENFRAMEWORKS\APPS\MYAPPS\MOTIONDESIGNER\OBJ\DEBUG\OFXUIIMAGEBUTTON.OBJ
C:\PROGRAM FILES\OPENFRAMEWORKS\APPS\MYAPPS\MOTIONDESIGNER\OBJ\DEBUG\OFXUIIMAGESAMPLER.OBJ
C:\PROGRAM FILES\OPENFRAMEWORKS\APPS\MYAPPS\MOTIONDESIGNER\OBJ\DEBUG\OFXUIIMAGESLIDER.OBJ
C:\PROGRAM FILES\OPENFRAMEWORKS\APPS\MYAPPS\MOTIONDESIGNER\OBJ\DEBUG\OFXUIIMAGETOGGLE.OBJ
C:\PROGRAM FILES\OPENFRAMEWORKS\APPS\MYAPPS\MOTIONDESIGNER\OBJ\DEBUG\OFXUILABEL.OBJ
C:\PROGRAM FILES\OPENFRAMEWORKS\APPS\MYAPPS\MOTIONDESIGNER\OBJ\DEBUG\OFXUILABELBUTTON.OBJ
C:\PROGRAM FILES\OPENFRAMEWORKS\APPS\MYAPPS\MOTIONDESIGNER\OBJ\DEBUG\OFXUILABELTOGGLE.OBJ
C:\PROGRAM FILES\OPENFRAMEWORKS\APPS\MYAPPS\MOTIONDESIGNER\OBJ\DEBUG\OFXUIMINIMALSLIDER.OBJ
C:\PROGRAM FILES\OPENFRAMEWORKS\APPS\MYAPPS\MOTIONDESIGNER\OBJ\DEBUG\OFXUIMOVINGGRAPH.OBJ
C:\PROGRAM FILES\OPENFRAMEWORKS\APPS\MYAPPS\MOTIONDESIGNER\OBJ\DEBUG\OFXUIMULTIIMAGEBUTTON.OBJ
C:\PROGRAM FILES\OPENFRAMEWORKS\APPS\MYAPPS\MOTIONDESIGNER\OBJ\DEBUG\OFXUIMULTIIMAGETOGGLE.OBJ
C:\PROGRAM FILES\OPENFRAMEWORKS\APPS\MYAPPS\MOTIONDESIGNER\OBJ\DEBUG\OFXUINUMBERDIALER.OBJ
C:\PROGRAM FILES\OPENFRAMEWORKS\APPS\MYAPPS\MOTIONDESIGNER\OBJ\DEBUG\OFXUIRADIO.OBJ
C:\PROGRAM FILES\OPENFRAMEWORKS\APPS\MYAPPS\MOTIONDESIGNER\OBJ\DEBUG\OFXUIRANGESLIDER.OBJ
C:\PROGRAM FILES\OPENFRAMEWORKS\APPS\MYAPPS\MOTIONDESIGNER\OBJ\DEBUG\OFXUIRECTANGLE.OBJ
C:\PROGRAM FILES\OPENFRAMEWORKS\APPS\MYAPPS\MOTIONDESIGNER\OBJ\DEBUG\OFXGUIGROUP.OBJ
C:\PROGRAM FILES\OPENFRAMEWORKS\APPS\MYAPPS\MOTIONDESIGNER\OBJ\DEBUG\OFXLABEL.OBJ
C:\PROGRAM FILES\OPENFRAMEWORKS\APPS\MYAPPS\MOTIONDESIGNER\OBJ\DEBUG\OFXPANEL.OBJ
C:\PROGRAM FILES\OPENFRAMEWORKS\APPS\MYAPPS\MOTIONDESIGNER\OBJ\DEBUG\OFXSLIDER.OBJ
C:\PROGRAM FILES\OPENFRAMEWORKS\APPS\MYAPPS\MOTIONDESIGNER\OBJ\DEBUG\OFXSLIDERGROUP.OBJ
C:\PROGRAM FILES\OPENFRAMEWORKS\APPS\MYAPPS\MOTIONDESIGNER\OBJ\DEBUG\OFXTOGGLE.OBJ
C:\PROGRAM FILES\OPENFRAMEWORKS\APPS\MYAPPS\MOTIONDESIGNER\OBJ\DEBUG\OFXXMLSETTINGS.OBJ
C:\PROGRAM FILES\OPENFRAMEWORKS\APPS\MYAPPS\MOTIONDESIGNER\OBJ\DEBUG\TINYXML.OBJ
C:\PROGRAM FILES\OPENFRAMEWORKS\APPS\MYAPPS\MOTIONDESIGNER\OBJ\DEBUG\TINYXMLERROR.OBJ
C:\PROGRAM FILES\OPENFRAMEWORKS\APPS\MYAPPS\MOTIONDESIGNER\OBJ\DEBUG\TINYXMLPARSER.OBJ
C:\PROGRAM FILES\OPENFRAMEWORKS\APPS\MYAPPS\MOTIONDESIGNER\OBJ\DEBUG\OFXMSAINTERACTIVEOBJECT.OBJ
C:\PROGRAM FILES\OPENFRAMEWORKS\APPS\MYAPPS\MOTIONDESIGNER\OBJ\DEBUG\OFXSECONDWINDOW.OBJ
C:\PROGRAM FILES\OPENFRAMEWORKS\APPS\MYAPPS\MOTIONDESIGNER\OBJ\DEBUG\OFXUI2DGRAPH.OBJ
C:\PROGRAM FILES\OPENFRAMEWORKS\APPS\MYAPPS\MOTIONDESIGNER\OBJ\DEBUG\OFXUI2DPAD.OBJ
C:\PROGRAM FILES\OPENFRAMEWORKS\APPS\MYAPPS\MOTIONDESIGNER\OBJ\DEBUG\OFXUIBASEDRAWS.OBJ
C:\PROGRAM FILES\OPENFRAMEWORKS\APPS\MYAPPS\MOTIONDESIGNER\OBJ\DEBUG\OFXUIBILABELSLIDER.OBJ
C:\PROGRAM FILES\OPENFRAMEWORKS\APPS\MYAPPS\MOTIONDESIGNER\OBJ\DEBUG\OFXUIBUTTON.OBJ
C:\PROGRAM FILES\OPENFRAMEWORKS\APPS\MYAPPS\MOTIONDESIGNER\OBJ\DEBUG\OFXUICANVAS.OBJ
C:\PROGRAM FILES\OPENFRAMEWORKS\APPS\MYAPPS\MOTIONDESIGNER\OBJ\DEBUG\OFXUICIRCLESLIDER.OBJ
C:\PROGRAM FILES\OPENFRAMEWORKS\APPS\MYAPPS\MOTIONDESIGNER\OBJ\DEBUG\OFXUIDRAGABLELABELBUTTON.OBJ
C:\PROGRAM FILES\OPENFRAMEWORKS\APPS\MYAPPS\MOTIONDESIGNER\OBJ\DEBUG\BRUSHDEMO.OBJ
C:\PROGRAM FILES\OPENFRAMEWORKS\APPS\MYAPPS\MOTIONDESIGNER\OBJ\DEBUG\BRUSHPARAMS.OBJ
C:\PROGRAM FILES\OPENFRAMEWORKS\APPS\MYAPPS\MOTIONDESIGNER\OBJ\DEBUG\JOINTSDRAWDEMO.OBJ
C:\PROGRAM FILES\OPENFRAMEWORKS\APPS\MYAPPS\MOTIONDESIGNER\OBJ\DEBUG\PARAMSDEMO.OBJ
C:\PROGRAM FILES\OPENFRAMEWORKS\APPS\MYAPPS\MOTIONDESIGNER\OBJ\DEBUG\PARTICLEDEMO.OBJ
C:\PROGRAM FILES\OPENFRAMEWORKS\APPS\MYAPPS\MOTIONDESIGNER\OBJ\DEBUG\PARTICLESYSTEMDEMO.OBJ
C:\PROGRAM FILES\OPENFRAMEWORKS\APPS\MYAPPS\MOTIONDESIGNER\OBJ\DEBUG\GRAPHICSPARAMETERSLIST.OBJ
C:\PROGRAM FILES\OPENFRAMEWORKS\APPS\MYAPPS\MOTIONDESIGNER\OBJ\DEBUG\KINECTAUDIOSCENE.OBJ
C:\PROGRAM FILES\OPENFRAMEWORKS\APPS\MYAPPS\MOTIONDESIGNER\OBJ\DEBUG\INTERFACE.OBJ
C:\PROGRAM FILES\OPENFRAMEWORKS\APPS\MYAPPS\MOTIONDESIGNER\OBJ\DEBUG\JOINTSSELECTOR.OBJ
C:\PROGRAM FILES\OPENFRAMEWORKS\APPS\MYAPPS\MOTIONDESIGNER\OBJ\DEBUG\PARAMS.OBJ
C:\PROGRAM FILES\OPENFRAMEWORKS\APPS\MYAPPS\MOTIONDESIGNER\OBJ\DEBUG\OFXBASEGUI.OBJ
C:\PROGRAM FILES\OPENFRAMEWORKS\APPS\MYAPPS\MOTIONDESIGNER\OBJ\DEBUG\OFXBUTTON.OBJ
C:\PROGRAM FILES\OPENFRAMEWORKS\APPS\MYAPPS\MOTIONDESIGNER\OBJ\DEBUG\AUDIOPARAMETERSLIST.OBJ
C:\PROGRAM FILES\OPENFRAMEWORKS\APPS\MYAPPS\MOTIONDESIGNER\OBJ\DEBUG\VC110.PDB
C:\PROGRAM FILES\OPENFRAMEWORKS\APPS\MYAPPS\MOTIONDESIGNER\OBJ\DEBUG\OFAPP.OBJ
C:\PROGRAM FILES\OPENFRAMEWORKS\APPS\MYAPPS\MOTIONDESIGNER\OBJ\DEBUG\BRUSH.OBJ
C:\PROGRAM FILES\OPENFRAMEWORKS\APPS\MYAPPS\MOTIONDESIGNER\OBJ\DEBUG\KINECTGRAPHICALSCENE.OBJ
C:\PROGRAM FILES\OPENFRAMEWORKS\APPS\MYAPPS\MOTIONDESIGNER\OBJ\DEBUG\PARTICLE.OBJ
C:\PROGRAM FILES\OPENFRAMEWORKS\APPS\MYAPPS\MOTIONDESIGNER\OBJ\DEBUG\PREVIEWPLAYER.OBJ
C:\PROGRAM FILES\OPENFRAMEWORKS\APPS\MYAPPS\MOTIONDESIGNER\OBJ\DEBUG\MAIN.OBJ
C:\PROGRAM FILES\OPENFRAMEWORKS\APPS\MYAPPS\MOTIONDESIGNER\OBJ\DEBUG\PROJECTION.OBJ
C:\PROGRAM FILES\OPENFRAMEWORKS\APPS\MYAPPS\MOTIONDESIGNER\BIN\MOTIONDESIGNER_DEBUG.ILK
C:\PROGRAM FILES\OPENFRAMEWORKS\APPS\MYAPPS\MOTIONDESIGNER\BIN\MOTIONDESIGNER_DEBUG.EXE
C:\PROGRAM FILES\OPENFRAMEWORKS\APPS\MYAPPS\MOTIONDESIGNER\BIN\MOTIONDESIGNER_DEBUG.PDB
C:\Program Files\openFrameworks\apps\myApps\motionDesigner\bin\motionDesigner_debug.lib
C:\Program Files\openFrameworks\apps\myApps\motionDesigner\bin\motionDesigner_debug.exp
C:\Program Files\openFrameworks\apps\myApps\MotionDesigner\bin\motionDesigner_debug.lib
C:\Program Files\openFrameworks\apps\myApps\MotionDesigner\bin\motionDesigner_debug.exp
C:\PROGRAM FILES\OPENFRAMEWORKS\APPS\MYAPPS\MOTIONDESIGNER\OBJ\DEBUG\ICON.RES
C:\Program Files\openFrameworks\apps\myApps\MotionDesigner\obj\Debug\motionDesigner.vcxprojResolveAssemblyReference.cache
C:\Program Files\openFrameworks\apps\myApps\MotionDesigner\obj\Debug\AudioParametersList.obj
C:\Program Files\openFrameworks\apps\myApps\MotionDesigner\obj\Debug\Brush.obj
C:\Program Files\openFrameworks\apps\myApps\MotionDesigner\obj\Debug\BrushDemo.obj
C:\Program Files\openFrameworks\apps\myApps\MotionDesigner\obj\Debug\BrushParams.obj
C:\Program Files\openFrameworks\apps\myApps\MotionDesigner\obj\Debug\GraphicsParametersList.obj
C:\Program Files\openFrameworks\apps\myApps\MotionDesigner\obj\Debug\Interface.obj
C:\Program Files\openFrameworks\apps\myApps\MotionDesigner\obj\Debug\JointsDrawDemo.obj
C:\Program Files\openFrameworks\apps\myApps\MotionDesigner\obj\Debug\JointsSelector.obj
C:\Program Files\openFrameworks\apps\myApps\MotionDesigner\obj\Debug\KinectAudioScene.obj
C:\Program Files\openFrameworks\apps\myApps\MotionDesigner\obj\Debug\KinectGraphicalScene.obj
C:\Program Files\openFrameworks\apps\myApps\MotionDesigner\obj\Debug\main.obj
C:\Program Files\openFrameworks\apps\myApps\MotionDesigner\obj\Debug\ofApp.obj
C:\Program Files\openFrameworks\apps\myApps\MotionDesigner\obj\Debug\ofxBaseGui.obj
C:\Program Files\openFrameworks\apps\myApps\MotionDesigner\obj\Debug\ofxButton.obj
C:\Program Files\openFrameworks\apps\myApps\MotionDesigner\obj\Debug\ofxGuiGroup.obj
C:\Program Files\openFrameworks\apps\myApps\MotionDesigner\obj\Debug\ofxLabel.obj
C:\Program Files\openFrameworks\apps\myApps\MotionDesigner\obj\Debug\ofxMSAInteractiveObject.obj
C:\Program Files\openFrameworks\apps\myApps\MotionDesigner\obj\Debug\ofxPanel.obj
C:\Program Files\openFrameworks\apps\myApps\MotionDesigner\obj\Debug\ofxSecondWindow.obj
C:\Program Files\openFrameworks\apps\myApps\MotionDesigner\obj\Debug\ofxSlider.obj
C:\Program Files\openFrameworks\apps\myApps\MotionDesigner\obj\Debug\ofxSliderGroup.obj
C:\Program Files\openFrameworks\apps\myApps\MotionDesigner\obj\Debug\ofxToggle.obj
C:\Program Files\openFrameworks\apps\myApps\MotionDesigner\obj\Debug\ofxUI2DGraph.obj
C:\Program Files\openFrameworks\apps\myApps\MotionDesigner\obj\Debug\ofxUI2DPad.obj
C:\Program Files\openFrameworks\apps\myApps\MotionDesigner\obj\Debug\ofxUIBaseDraws.obj
C:\Program Files\openFrameworks\apps\myApps\MotionDesigner\obj\Debug\ofxUIBiLabelSlider.obj
C:\Program Files\openFrameworks\apps\myApps\MotionDesigner\obj\Debug\ofxUIButton.obj
C:\Program Files\openFrameworks\apps\myApps\MotionDesigner\obj\Debug\ofxUICanvas.obj
C:\Program Files\openFrameworks\apps\myApps\MotionDesigner\obj\Debug\ofxUICircleSlider.obj
C:\Program Files\openFrameworks\apps\myApps\MotionDesigner\obj\Debug\ofxUIDragableLabelButton.obj
C:\Program Files\openFrameworks\apps\myApps\MotionDesigner\obj\Debug\ofxUIDropDownList.obj
C:\Program Files\openFrameworks\apps\myApps\MotionDesigner\obj\Debug\ofxUIEventArgs.obj
C:\Program Files\openFrameworks\apps\myApps\MotionDesigner\obj\Debug\ofxUIFPS.obj
C:\Program Files\openFrameworks\apps\myApps\MotionDesigner\obj\Debug\ofxUIFPSSlider.obj
C:\Program Files\openFrameworks\apps\myApps\MotionDesigner\obj\Debug\ofxUIImage.obj
C:\Program Files\openFrameworks\apps\myApps\MotionDesigner\obj\Debug\ofxUIImageButton.obj
C:\Program Files\openFrameworks\apps\myApps\MotionDesigner\obj\Debug\ofxUIImageSampler.obj
C:\Program Files\openFrameworks\apps\myApps\MotionDesigner\obj\Debug\ofxUIImageSlider.obj
C:\Program Files\openFrameworks\apps\myApps\MotionDesigner\obj\Debug\ofxUIImageToggle.obj
C:\Program Files\openFrameworks\apps\myApps\MotionDesigner\obj\Debug\ofxUILabel.obj
C:\Program Files\openFrameworks\apps\myApps\MotionDesigner\obj\Debug\ofxUILabelButton.obj
C:\Program Files\openFrameworks\apps\myApps\MotionDesigner\obj\Debug\ofxUILabelToggle.obj
C:\Program Files\openFrameworks\apps\myApps\MotionDesigner\obj\Debug\ofxUIMinimalSlider.obj
C:\Program Files\openFrameworks\apps\myApps\MotionDesigner\obj\Debug\ofxUIMovingGraph.obj
C:\Program Files\openFrameworks\apps\myApps\MotionDesigner\obj\Debug\ofxUIMultiImageButton.obj
C:\Program Files\openFrameworks\apps\myApps\MotionDesigner\obj\Debug\ofxUIMultiImageToggle.obj
C:\Program Files\openFrameworks\apps\myApps\MotionDesigner\obj\Debug\ofxUINumberDialer.obj
C:\Program Files\openFrameworks\apps\myApps\MotionDesigner\obj\Debug\ofxUIRadio.obj
C:\Program Files\openFrameworks\apps\myApps\MotionDesigner\obj\Debug\ofxUIRangeSlider.obj
C:\Program Files\openFrameworks\apps\myApps\MotionDesigner\obj\Debug\ofxUIRectangle.obj
C:\Program Files\openFrameworks\apps\myApps\MotionDesigner\obj\Debug\ofxUIRotarySlider.obj
C:\Program Files\openFrameworks\apps\myApps\MotionDesigner\obj\Debug\ofxUIScrollableCanvas.obj
C:\Program Files\openFrameworks\apps\myApps\MotionDesigner\obj\Debug\ofxUISlider.obj
C:\Program Files\openFrameworks\apps\myApps\MotionDesigner\obj\Debug\ofxUISortableList.obj
C:\Program Files\openFrameworks\apps\myApps\MotionDesigner\obj\Debug\ofxUISpacer.obj
C:\Program Files\openFrameworks\apps\myApps\MotionDesigner\obj\Debug\ofxUISpectrum.obj
C:\Program Files\openFrameworks\apps\myApps\MotionDesigner\obj\Debug\ofxUISuperCanvas.obj
C:\Program Files\openFrameworks\apps\myApps\MotionDesigner\obj\Debug\ofxUITabBar.obj
C:\Program Files\openFrameworks\apps\myApps\MotionDesigner\obj\Debug\ofxUITextArea.obj
C:\Program Files\openFrameworks\apps\myApps\MotionDesigner\obj\Debug\ofxUITextInput.obj
C:\Program Files\openFrameworks\apps\myApps\MotionDesigner\obj\Debug\ofxUIToggle.obj
C:\Program Files\openFrameworks\apps\myApps\MotionDesigner\obj\Debug\ofxUIToggleMatrix.obj
C:\Program Files\openFrameworks\apps\myApps\MotionDesigner\obj\Debug\ofxUIValuePlotter.obj
C:\Program Files\openFrameworks\apps\myApps\MotionDesigner\obj\Debug\ofxUIWaveform.obj
C:\Program Files\openFrameworks\apps\myApps\MotionDesigner\obj\Debug\ofxUIWidget.obj
C:\Program Files\openFrameworks\apps\myApps\MotionDesigner\obj\Debug\ofxUIWidgetWithLabel.obj
C:\Program Files\openFrameworks\apps\myApps\MotionDesigner\obj\Debug\ofxXmlSettings.obj
C:\Program Files\openFrameworks\apps\myApps\MotionDesigner\obj\Debug\Params.obj
C:\Program Files\openFrameworks\apps\myApps\MotionDesigner\obj\Debug\ParamsDemo.obj
C:\Program Files\openFrameworks\apps\myApps\MotionDesigner\obj\Debug\Particle.obj
C:\Program Files\openFrameworks\apps\myApps\MotionDesigner\obj\Debug\ParticleDemo.obj
C:\Program Files\openFrameworks\apps\myApps\MotionDesigner\obj\Debug\ParticleSystemDemo.obj
C:\Program Files\openFrameworks\apps\myApps\MotionDesigner\obj\Debug\PreviewPlayer.obj
C:\Program Files\openFrameworks\apps\myApps\MotionDesigner\obj\Debug\Projection.obj
C:\Program Files\openFrameworks\apps\myApps\MotionDesigner\obj\Debug\SoundFile.obj
C:\Program Files\openFrameworks\apps\myApps\MotionDesigner\obj\Debug\TimelineAudioObject.obj
C:\Program Files\openFrameworks\apps\myApps\MotionDesigner\obj\Debug\TimelineGraphicalObject.obj
C:\Program Files\openFrameworks\apps\myApps\MotionDesigner\obj\Debug\tinyxml.obj
C:\Program Files\openFrameworks\apps\myApps\MotionDesigner\obj\Debug\tinyxmlerror.obj
C:\Program Files\openFrameworks\apps\myApps\MotionDesigner\obj\Debug\tinyxmlparser.obj
C:\Program Files\openFrameworks\apps\myApps\MotionDesigner\obj\Debug\cl.command.1.tlog
C:\Program Files\openFrameworks\apps\myApps\MotionDesigner\obj\Debug\CL.read.1.tlog
C:\Program Files\openFrameworks\apps\myApps\MotionDesigner\obj\Debug\CL.write.1.tlog
C:\Program Files\openFrameworks\apps\myApps\MotionDesigner\obj\Debug\link-cvtres.read.1.tlog
C:\Program Files\openFrameworks\apps\myApps\MotionDesigner\obj\Debug\link-cvtres.write.1.tlog
C:\Program Files\openFrameworks\apps\myApps\MotionDesigner\obj\Debug\link-rc.read.1.tlog
C:\Program Files\openFrameworks\apps\myApps\MotionDesigner\obj\Debug\link-rc.write.1.tlog
C:\Program Files\openFrameworks\apps\myApps\MotionDesigner\obj\Debug\link.10568-cvtres.read.1.tlog
C:\Program Files\openFrameworks\apps\myApps\MotionDesigner\obj\Debug\link.10568-cvtres.write.1.tlog
C:\Program Files\openFrameworks\apps\myApps\MotionDesigner\obj\Debug\link.10568-rc.read.1.tlog
C:\Program Files\openFrameworks\apps\myApps\MotionDesigner\obj\Debug\link.10568-rc.write.1.tlog
C:\Program Files\openFrameworks\apps\myApps\MotionDesigner\obj\Debug\link.10568.read.1.tlog
C:\Program Files\openFrameworks\apps\myApps\MotionDesigner\obj\Debug\link.10568.write.1.tlog
C:\Program Files\openFrameworks\apps\myApps\MotionDesigner\obj\Debug\link.11400-cvtres.read.1.tlog
C:\Program Files\openFrameworks\apps\myApps\MotionDesigner\obj\Debug\link.11400-cvtres.write.1.tlog
C:\Program Files\openFrameworks\apps\myApps\MotionDesigner\obj\Debug\link.11400-rc.read.1.tlog
C:\Program Files\openFrameworks\apps\myApps\MotionDesigner\obj\Debug\link.11400-rc.write.1.tlog
C:\Program Files\openFrameworks\apps\myApps\MotionDesigner\obj\Debug\link.11400.read.1.tlog
C:\Program Files\openFrameworks\apps\myApps\MotionDesigner\obj\Debug\link.11400.write.1.tlog
C:\Program Files\openFrameworks\apps\myApps\MotionDesigner\obj\Debug\link.13056-cvtres.read.1.tlog
C:\Program Files\openFrameworks\apps\myApps\MotionDesigner\obj\Debug\link.13056-cvtres.write.1.tlog
C:\Program Files\openFrameworks\apps\myApps\MotionDesigner\obj\Debug\link.13056-rc.read.1.tlog
C:\Program Files\openFrameworks\apps\myApps\MotionDesigner\obj\Debug\link.13056-rc.write.1.tlog
C:\Program Files\openFrameworks\apps\myApps\MotionDesigner\obj\Debug\link.13056.read.1.tlog
C:\Program Files\openFrameworks\apps\myApps\MotionDesigner\obj\Debug\link.13056.write.1.tlog
C:\Program Files\openFrameworks\apps\myApps\MotionDesigner\obj\Debug\link.7952-cvtres.read.1.tlog
C:\Program Files\openFrameworks\apps\myApps\MotionDesigner\obj\Debug\link.7952-cvtres.write.1.tlog
C:\Program Files\openFrameworks\apps\myApps\MotionDesigner\obj\Debug\link.7952-rc.read.1.tlog
C:\Program Files\openFrameworks\apps\myApps\MotionDesigner\obj\Debug\link.7952-rc.write.1.tlog
C:\Program Files\openFrameworks\apps\myApps\MotionDesigner\obj\Debug\link.7952.read.1.tlog
C:\Program Files\openFrameworks\apps\myApps\MotionDesigner\obj\Debug\link.7952.write.1.tlog
C:\Program Files\openFrameworks\apps\myApps\MotionDesigner\obj\Debug\link.command.1.tlog
C:\Program Files\openFrameworks\apps\myApps\MotionDesigner\obj\Debug\link.read.1.tlog
C:\Program Files\openFrameworks\apps\myApps\MotionDesigner\obj\Debug\link.write.1.tlog
C:\Program Files\openFrameworks\apps\myApps\MotionDesigner\obj\Debug\motionDesigner.write.1.tlog
C:\Program Files\openFrameworks\apps\myApps\MotionDesigner\obj\Debug\rc.command.1.tlog
C:\Program Files\openFrameworks\apps\myApps\MotionDesigner\obj\Debug\rc.read.1.tlog
C:\Program Files\openFrameworks\apps\myApps\MotionDesigner\obj\Debug\rc.write.1.tlog
C:\Program Files\openFrameworks\apps\myApps\MotionDesigner\obj\Debug\icon.res
C:\Program Files\openFrameworks\apps\myApps\MotionDesigner\obj\Debug\vc110.idb
C:\Program Files\openFrameworks\apps\myApps\MotionDesigner\obj\Debug\vc110.pdb
C:\Program Files\openFrameworks\apps\myApps\MotionDesigner\bin\motionDesigner_debug.exe
